[32m[info]	2019-04-25 10:37:25	funcname:  main	[line:359]	å¼€å§‹æµ‹è¯•äº†[0m
ç¬¬1è½®æµ‹è¯•
[32m[info]	2019-04-25 10:37:25	funcname:  main	[line:363]	go ç¬¬1è½®æµ‹è¯•[0m
[32m[info]	2019-04-25 10:37:25	funcname:  test main	[line:354]	test step Pass[0m
[31m[error]	2019-04-25 10:37:25	funcname:  test main	[line:355]	test step Fail[0m
[32m[info]	2019-04-25 10:37:25	funcname:  test main	[line:356]	test step Pass[0m
ç¬¬2è½®æµ‹è¯•
[32m[info]	2019-04-25 10:37:25	funcname:  main	[line:363]	go ç¬¬2è½®æµ‹è¯•[0m
[32m[info]	2019-04-25 10:37:25	funcname:  test main	[line:354]	test step Pass[0m
[31m[error]	2019-04-25 10:37:25	funcname:  test main	[line:355]	test step Fail[0m
[32m[info]	2019-04-25 10:37:25	funcname:  test main	[line:356]	test step Pass[0m
ç¬¬3è½®æµ‹è¯•
[32m[info]	2019-04-25 10:37:25	funcname:  main	[line:363]	go ç¬¬3è½®æµ‹è¯•[0m
[32m[info]	2019-04-25 10:37:26	funcname:  test main	[line:354]	test step Pass[0m
[31m[error]	2019-04-25 10:37:26	funcname:  test main	[line:355]	test step Fail[0m
[32m[info]	2019-04-25 10:37:26	funcname:  test main	[line:356]	test step Pass[0m
ç¬¬4è½®æµ‹è¯•
[32m[info]	2019-04-25 10:37:26	funcname:  main	[line:363]	go ç¬¬4è½®æµ‹è¯•[0m
[32m[info]	2019-04-25 10:37:26	funcname:  test main	[line:354]	test step Pass[0m
[31m[error]	2019-04-25 10:37:26	funcname:  test main	[line:355]	test step Fail[0m
[32m[info]	2019-04-25 10:37:26	funcname:  test main	[line:356]	test step Pass[0m
ç¬¬5è½®æµ‹è¯•
[32m[info]	2019-04-25 10:37:26	funcname:  main	[line:363]	go ç¬¬5è½®æµ‹è¯•[0m
[32m[info]	2019-04-25 10:37:26	funcname:  test main	[line:354]	test step Pass[0m
[31m[error]	2019-04-25 10:37:26	funcname:  test main	[line:355]	test step Fail[0m
[32m[info]	2019-04-25 10:37:26	funcname:  test main	[line:356]	test step Pass[0m
[32m[info]	2019-04-25 10:37:26	funcname:  main	[line:369]	ç»“æŸæµ‹è¯•äº†[0m
