[32m[info]	2019-04-25 16:44:09	funcname:  main	[line:475]	å¼€å§‹æµ‹è¯•äº†[0m
ç¬¬1è½®æµ‹è¯•
[32m[info]	2019-04-25 16:44:09	funcname:  main	[line:479]	go ç¬¬1è½®æµ‹è¯•[0m
[32m[info]	2019-04-25 16:44:09	funcname:  test main	[line:471]	hello[0m
[32m[info]	2019-04-25 16:44:09	funcname:  test main	[line:471]	world[0m
[32m[info]	2019-04-25 16:44:09	funcname:  test main	[line:471]	mama[0m
[32m[info]	2019-04-25 16:44:09	funcname:  test main	[line:471]	oh[0m
ç¬¬2è½®æµ‹è¯•
[32m[info]	2019-04-25 16:44:09	funcname:  main	[line:479]	go ç¬¬2è½®æµ‹è¯•[0m
[32m[info]	2019-04-25 16:44:09	funcname:  test main	[line:471]	hello[0m
[32m[info]	2019-04-25 16:44:09	funcname:  test main	[line:471]	world[0m
[32m[info]	2019-04-25 16:44:09	funcname:  test main	[line:471]	mama[0m
[32m[info]	2019-04-25 16:44:09	funcname:  test main	[line:471]	oh[0m
ç¬¬3è½®æµ‹è¯•
[32m[info]	2019-04-25 16:44:09	funcname:  main	[line:479]	go ç¬¬3è½®æµ‹è¯•[0m
[32m[info]	2019-04-25 16:44:09	funcname:  test main	[line:471]	hello[0m
[32m[info]	2019-04-25 16:44:09	funcname:  test main	[line:471]	world[0m
[32m[info]	2019-04-25 16:44:09	funcname:  test main	[line:471]	mama[0m
[32m[info]	2019-04-25 16:44:09	funcname:  test main	[line:471]	oh[0m
ç¬¬4è½®æµ‹è¯•
[32m[info]	2019-04-25 16:44:09	funcname:  main	[line:479]	go ç¬¬4è½®æµ‹è¯•[0m
[32m[info]	2019-04-25 16:44:09	funcname:  test main	[line:471]	hello[0m
[32m[info]	2019-04-25 16:44:09	funcname:  test main	[line:471]	world[0m
[32m[info]	2019-04-25 16:44:09	funcname:  test main	[line:471]	mama[0m
[32m[info]	2019-04-25 16:44:09	funcname:  test main	[line:471]	oh[0m
ç¬¬5è½®æµ‹è¯•
[32m[info]	2019-04-25 16:44:09	funcname:  main	[line:479]	go ç¬¬5è½®æµ‹è¯•[0m
[32m[info]	2019-04-25 16:44:09	funcname:  test main	[line:471]	hello[0m
[32m[info]	2019-04-25 16:44:09	funcname:  test main	[line:471]	world[0m
[32m[info]	2019-04-25 16:44:09	funcname:  test main	[line:471]	mama[0m
[32m[info]	2019-04-25 16:44:09	funcname:  test main	[line:471]	oh[0m
ç¬¬6è½®æµ‹è¯•
[32m[info]	2019-04-25 16:44:09	funcname:  main	[line:479]	go ç¬¬6è½®æµ‹è¯•[0m
[32m[info]	2019-04-25 16:44:09	funcname:  test main	[line:471]	hello[0m
[32m[info]	2019-04-25 16:44:09	funcname:  test main	[line:471]	world[0m
[32m[info]	2019-04-25 16:44:09	funcname:  test main	[line:471]	mama[0m
[32m[info]	2019-04-25 16:44:09	funcname:  test main	[line:471]	oh[0m
ç¬¬7è½®æµ‹è¯•
[32m[info]	2019-04-25 16:44:09	funcname:  main	[line:479]	go ç¬¬7è½®æµ‹è¯•[0m
[32m[info]	2019-04-25 16:44:09	funcname:  test main	[line:471]	hello[0m
[32m[info]	2019-04-25 16:44:09	funcname:  test main	[line:471]	world[0m
[32m[info]	2019-04-25 16:44:09	funcname:  test main	[line:471]	mama[0m
[32m[info]	2019-04-25 16:44:09	funcname:  test main	[line:471]	oh[0m
ç¬¬8è½®æµ‹è¯•
[32m[info]	2019-04-25 16:44:09	funcname:  main	[line:479]	go ç¬¬8è½®æµ‹è¯•[0m
[32m[info]	2019-04-25 16:44:09	funcname:  test main	[line:471]	hello[0m
[32m[info]	2019-04-25 16:44:09	funcname:  test main	[line:471]	world[0m
[32m[info]	2019-04-25 16:44:09	funcname:  test main	[line:471]	mama[0m
[32m[info]	2019-04-25 16:44:09	funcname:  test main	[line:471]	oh[0m
ç¬¬9è½®æµ‹è¯•
[32m[info]	2019-04-25 16:44:09	funcname:  main	[line:479]	go ç¬¬9è½®æµ‹è¯•[0m
[32m[info]	2019-04-25 16:44:09	funcname:  test main	[line:471]	hello[0m
[32m[info]	2019-04-25 16:44:09	funcname:  test main	[line:471]	world[0m
[32m[info]	2019-04-25 16:44:09	funcname:  test main	[line:471]	mama[0m
[32m[info]	2019-04-25 16:44:09	funcname:  test main	[line:471]	oh[0m
ç¬¬10è½®æµ‹è¯•
[32m[info]	2019-04-25 16:44:09	funcname:  main	[line:479]	go ç¬¬10è½®æµ‹è¯•[0m
[32m[info]	2019-04-25 16:44:09	funcname:  test main	[line:471]	hello[0m
[32m[info]	2019-04-25 16:44:09	funcname:  test main	[line:471]	world[0m
[32m[info]	2019-04-25 16:44:09	funcname:  test main	[line:471]	mama[0m
[32m[info]	2019-04-25 16:44:09	funcname:  test main	[line:471]	oh[0m
[32m[info]	2019-04-25 16:44:09	funcname:  main	[line:485]	ç»“æŸæµ‹è¯•äº†[0m
