++++++æ€»æµ‹è¯•ç»“æœ++++++++++++++++++++++++++++++++++++++++++++++
ç”¨ä¾‹åç§°	 æµ‹è¯•ç»“æœ
          	 
ç¬¬1è½®æµ‹è¯•[0m	 
test      	 Pass[0m
test      	 Fail[0m
test      	 Pass[0m
          	 
ç¬¬2è½®æµ‹è¯•[0m	 
test      	 Pass[0m
test      	 Fail[0m
test      	 Pass[0m
          	 
ç¬¬3è½®æµ‹è¯•[0m	 
test      	 Pass[0m
test      	 Fail[0m
test      	 Pass[0m
          	 
ç¬¬4è½®æµ‹è¯•[0m	 
test      	 Pass[0m
test      	 Fail[0m
test      	 Pass[0m
          	 
ç¬¬5è½®æµ‹è¯•[0m	 
test      	 Pass[0m
test      	 Fail[0m
test      	 Pass[0m
++++++Failçš„æµ‹è¯•ç»“æœ++++++++++++++++++++++++++++++++++++++++++++++
ç”¨ä¾‹åç§°	 æµ‹è¯•ç»“æœ
          	 
ç¬¬1è½®æµ‹è¯•[0m	 
test      	 Fail[0m
          	 
ç¬¬2è½®æµ‹è¯•[0m	 
test      	 Fail[0m
          	 
ç¬¬3è½®æµ‹è¯•[0m	 
test      	 Fail[0m
          	 
ç¬¬4è½®æµ‹è¯•[0m	 
test      	 Fail[0m
          	 
ç¬¬5è½®æµ‹è¯•[0m	 
test      	 Fail[0m
